VectorlyPlayer/proguard-rules.pro
# Add project specific ProGuard rules here.
# You can control the set of applied configuration files using the
# proguardFiles setting in build.gradle.
#
# For more details, see
#   http://developer.android.com/guide/developing/tools/proguard.html

# If your project uses WebView with JS, uncomment the following
# and specify the fully qualified class name to the JavaScript interface
# class:
#-keepclassmembers class fqcn.of.javascript.interface.for.webview {
#   public *;
#}

# Uncomment this to preserve the line number information for
# debugging stack traces.
#-keepattributes SourceFile,LineNumberTable

# If you keep the line number information, uncomment this to
# hide the original source file name.
#-renamesourcefileattribute SourceFile

# Keep model classes
-keep class org.dotlearn.lrnplayer.loader.model.** { *; }

# Save the obfuscation mapping to a file, so we can de-obfuscate any stack
# traces later on. Keep a fixed source file attribute and all line number
# tables to get line numbers in the stack traces.
# You can comment this out if you're not interested in stack traces.

-printmapping out.map
-keepparameternames
-renamesourcefileattribute SourceFile
-keepattributes Exceptions,InnerClasses,Signature,Deprecated, SourceFile, LineNumberTable, EnclosingMethod

# Preserve all annotations.

-keepattributes *Annotation*

# Preserve all public classes, and their public and protected fields and
# methods.

-keep public class * {
    public protected *;
}

# Preserve all .class method names.

-keepclassmembernames class * {
    java.lang.Class class$(java.lang.String);
    java.lang.Class class$(java.lang.String, boolean);
}

# Preserve all native method names and the names of their classes.

-keepclasseswithmembernames class * {
    native <methods>;
}

# Preserve the special static methods that are required in all enumeration
# classes.

-keepclassmembers class * extends java.lang.Enum {
    public static **[] values();
    public static ** valueOf(java.lang.String);
}

# Explicitly preserve all serialization members. The Serializable interface
# is only a marker interface, so it wouldn't save them.
# You can comment this out if your library doesn't use serialization.
# If your code contains serializable classes that have to be backward
# compatible, please refer to the manual.

-keepclassmembers class * implements java.io.Serializable {
    static final long serialVersionUID;
    static final java.io.ObjectStreamField[] serialPersistentFields;
    private void writeObject(java.io.ObjectOutputStream);
    private void readObject(java.io.ObjectInputStream);
    java.lang.Object writeReplace();
    java.lang.Object readResolve();
}

# Your library may contain more items that need to be preserved;
# typically classes that are dynamically created using Class.forName:

# -keep public class mypackage.MyClass
# -keep public interface mypackage.MyInterface
# -keep public class * implements mypackage.MyInterface

-keep class io.vectorly.lrnplayer.loader.model.** { *; }

-keep class org.bouncycastle.** { *; }
-keepnames class org.bouncycastle.** { *; }
-dontwarn org.bouncycastle.**

-keep class org.apache.commons.** { *; }
-keepnames class org.apache.commons.** { *; }
-dontwarn org.apache.commons.**