VectorlyPlayer/build/outputs/mapping/release/seeds.txt
io.vectorly.player.BuildConfig
io.vectorly.player.BuildConfig: boolean DEBUG
io.vectorly.player.BuildConfig: java.lang.String APPLICATION_ID
io.vectorly.player.BuildConfig: java.lang.String BUILD_TYPE
io.vectorly.player.BuildConfig: java.lang.String FLAVOR
io.vectorly.player.BuildConfig: int VERSION_CODE
io.vectorly.player.BuildConfig: java.lang.String VERSION_NAME
io.vectorly.player.BuildConfig: BuildConfig()
io.vectorly.player.R
io.vectorly.player.R: R()
io.vectorly.player.R$anim
io.vectorly.player.R$anim: int abc_fade_in
io.vectorly.player.R$anim: int abc_fade_out
io.vectorly.player.R$anim: int abc_grow_fade_in_from_bottom
io.vectorly.player.R$anim: int abc_popup_enter
io.vectorly.player.R$anim: int abc_popup_exit
io.vectorly.player.R$anim: int abc_shrink_fade_out_from_bottom
io.vectorly.player.R$anim: int abc_slide_in_bottom
io.vectorly.player.R$anim: int abc_slide_in_top
io.vectorly.player.R$anim: int abc_slide_out_bottom
io.vectorly.player.R$anim: int abc_slide_out_top
io.vectorly.player.R$anim: int abc_tooltip_enter
io.vectorly.player.R$anim: int abc_tooltip_exit
io.vectorly.player.R$anim: R$anim()
io.vectorly.player.R$attr
io.vectorly.player.R$attr: int actionBarDivider
io.vectorly.player.R$attr: int actionBarItemBackground
io.vectorly.player.R$attr: int actionBarPopupTheme
io.vectorly.player.R$attr: int actionBarSize
io.vectorly.player.R$attr: int actionBarSplitStyle
io.vectorly.player.R$attr: int actionBarStyle
io.vectorly.player.R$attr: int actionBarTabBarStyle
io.vectorly.player.R$attr: int actionBarTabStyle
io.vectorly.player.R$attr: int actionBarTabTextStyle
io.vectorly.player.R$attr: int actionBarTheme
io.vectorly.player.R$attr: int actionBarWidgetTheme
io.vectorly.player.R$attr: int actionButtonStyle
io.vectorly.player.R$attr: int actionDropDownStyle
io.vectorly.player.R$attr: int actionLayout
io.vectorly.player.R$attr: int actionMenuTextAppearance
io.vectorly.player.R$attr: int actionMenuTextColor
io.vectorly.player.R$attr: int actionModeBackground
io.vectorly.player.R$attr: int actionModeCloseButtonStyle
io.vectorly.player.R$attr: int actionModeCloseDrawable
io.vectorly.player.R$attr: int actionModeCopyDrawable
io.vectorly.player.R$attr: int actionModeCutDrawable
io.vectorly.player.R$attr: int actionModeFindDrawable
io.vectorly.player.R$attr: int actionModePasteDrawable
io.vectorly.player.R$attr: int actionModePopupWindowStyle
io.vectorly.player.R$attr: int actionModeSelectAllDrawable
io.vectorly.player.R$attr: int actionModeShareDrawable
io.vectorly.player.R$attr: int actionModeSplitBackground
io.vectorly.player.R$attr: int actionModeStyle
io.vectorly.player.R$bool
io.vectorly.player.R$bool: int abc_action_bar_embed_tabs
io.vectorly.player.R$bool: int abc_allow_stacked_button_bar
io.vectorly.player.R$bool: int abc_config_actionMenuItemAllCaps
io.vectorly.player.R$bool: int abc_config_showMenuShortcutsWhenKeyboardPresent
io.vectorly.player.R$bool: R$bool()
...
android.support.v7.appcompat.R$anim
android.support.v7.appcompat.R$anim: int abc_fade_in
android.support.v7.appcompat.R$anim: int abc_fade_out
android.support.v7.appcompat.R$anim: int abc_grow_fade_in_from_bottom
android.support.v7.appcompat.R$anim: int abc_popup_enter
android.support.v7.appcompat.R$anim: int abc_popup_exit
android.support.v7.appcompat.R$anim: int abc_shrink_fade_out_from_bottom
android.support.v7.appcompat.R$anim: int abc_slide_in_bottom
android.support.v7.appcompat.R$anim: int abc_slide_in_top
android.support.v7.appcompat.R$anim: int abc_slide_out_bottom
android.support.v7.appcompat.R$anim: int abc_slide_out_top
android.support.v7.appcompat.R$anim: int abc_tooltip_enter
android.support.v7.appcompat.R$anim: int abc_tooltip_exit
android.support.v7.appcompat.R$anim: R$anim()
android.support.v7.appcompat.R$attr
android.support.v7.appcompat.R$attr: int actionBarDivider
android.support.v7.appcompat.R$attr: int actionBarItemBackground
android.support.v7.appcompat.R$attr: int actionBarPopupTheme
android.support.v7.appcompat.R$attr: int actionBarSize
android.support.v7.appcompat.R$attr: int actionBarSplitStyle
android.support.v7.appcompat.R$attr: int actionBarStyle
android.support.v7.appcompat.R$attr: int actionBarTabBarStyle
android.support.v7.appcompat.R$attr: int actionBarTabStyle
android.support.v7.appcompat.R$attr: int actionBarTabTextStyle
android.support.v7.appcompat.R$attr: int actionBarTheme
android.support.v7.appcompat.R$attr: int actionBarWidgetTheme
android.support.v7.appcompat.R$attr: int actionButtonStyle
android.support.v7.appcompat.R$attr: int actionDropDownStyle
android.support.v7.appcompat.R$attr: int actionLayout
android.support.v7.appcompat.R$attr: int actionMenuTextAppearance
android.support.v7.appcompat.R$attr: int actionMenuTextColor
android.support.v7.appcompat.R$attr: int actionModeBackground
android.support.v7.appcompat.R$attr: int actionModeCloseButtonStyle
android.support.v7.appcompat.R$attr: int actionModeCloseDrawable
android.support.v7.appcompat.R$attr: int actionModeCopyDrawable
android.support.v7.appcompat.R$attr: int actionModeCutDrawable
android.support.v7.appcompat.R$attr: int actionModeFindDrawable
android.support.v7.appcompat.R$attr: int actionModePasteDrawable
android.support.v7.appcompat.R$bool
android.support.v7.appcompat.R$bool: int abc_action_bar_embed_tabs
android.support.v7.appcompat.R$bool: int abc_allow_stacked_button_bar
android.support.v7.appcompat.R$bool: int abc_config_actionMenuItemAllCaps
android.support.v7.appcompat.R$bool: int abc_config_showMenuShortcutsWhenKeyboardPresent
android.support.v7.appcompat.R$bool: R$bool()