VectorlyPlayer/build/outputs/mapping/release/mapping.txt
io.vectorly.player.BuildConfig -> io.vectorly.player.BuildConfig:
    boolean DEBUG -> DEBUG
    java.lang.String APPLICATION_ID -> APPLICATION_ID
    java.lang.String BUILD_TYPE -> BUILD_TYPE
    java.lang.String FLAVOR -> FLAVOR
    int VERSION_CODE -> VERSION_CODE
    java.lang.String VERSION_NAME -> VERSION_NAME
    6:6:void <init>() -> <init>
io.vectorly.player.R -> io.vectorly.player.R:
    9:1128:void <init>() -> <init>
io.vectorly.player.R$anim -> io.vectorly.player.R$anim:
    int abc_fade_in -> abc_fade_in
    int abc_fade_out -> abc_fade_out
    int abc_grow_fade_in_from_bottom -> abc_grow_fade_in_from_bottom
    int abc_popup_enter -> abc_popup_enter
    int abc_popup_exit -> abc_popup_exit
    int abc_shrink_fade_out_from_bottom -> abc_shrink_fade_out_from_bottom
    int abc_slide_in_bottom -> abc_slide_in_bottom
    int abc_slide_in_top -> abc_slide_in_top
    int abc_slide_out_bottom -> abc_slide_out_bottom
    int abc_slide_out_top -> abc_slide_out_top
    int abc_tooltip_enter -> abc_tooltip_enter
    int abc_tooltip_exit -> abc_tooltip_exit
    10:10:void <init>() -> <init>
    11:22:void <clinit>() -> <clinit>
io.vectorly.player.R$attr -> io.vectorly.player.R$attr:
    int actionBarDivider -> actionBarDivider
    int actionBarItemBackground -> actionBarItemBackground
    int actionBarPopupTheme -> actionBarPopupTheme
    int actionBarSize -> actionBarSize
    int actionBarSplitStyle -> actionBarSplitStyle
    int actionBarStyle -> actionBarStyle
    int actionBarTabBarStyle -> actionBarTabBarStyle
    int actionBarTabStyle -> actionBarTabStyle
    int actionBarTabTextStyle -> actionBarTabTextStyle
    int actionBarTheme -> actionBarTheme
    int actionBarWidgetTheme -> actionBarWidgetTheme
    int actionButtonStyle -> actionButtonStyle
    int actionDropDownStyle -> actionDropDownStyle
    int actionLayout -> actionLayout
    int actionMenuTextAppearance -> actionMenuTextAppearance
    int actionMenuTextColor -> actionMenuTextColor
    int actionModeBackground -> actionModeBackground
    int actionModeCloseButtonStyle -> actionModeCloseButtonStyle
    int actionModeCloseDrawable -> actionModeCloseDrawable
    int actionModeCopyDrawable -> actionModeCopyDrawable
    int actionModeCutDrawable -> actionModeCutDrawable
    int actionModeFindDrawable -> actionModeFindDrawable
    int actionModePasteDrawable -> actionModePasteDrawable
    int actionModePopupWindowStyle -> actionModePopupWindowStyle
    int actionModeSelectAllDrawable -> actionModeSelectAllDrawable
    int actionModeShareDrawable -> actionModeShareDrawable
    int actionModeSplitBackground -> actionModeSplitBackground
io.vectorly.player.R$bool -> io.vectorly.player.R$bool:
    int abc_action_bar_embed_tabs -> abc_action_bar_embed_tabs
    int abc_allow_stacked_button_bar -> abc_allow_stacked_button_bar
    int abc_config_actionMenuItemAllCaps -> abc_config_actionMenuItemAllCaps
    int abc_config_showMenuShortcutsWhenKeyboardPresent -> abc_config_showMenuShortcutsWhenKeyboardPresent
    292:292:void <init>() -> <init>
    293:296:void <clinit>() -> <clinit>
...
android.support.graphics.drawable.R$integer -> android.support.graphics.drawable.R$integer:
    int status_bar_notification_info_maxnum -> status_bar_notification_info_maxnum
    94:94:void <init>() -> <init>
    95:95:void <clinit>() -> <clinit>
android.support.graphics.drawable.R$layout -> android.support.graphics.drawable.R$layout:
    int notification_action -> notification_action
    int notification_action_tombstone -> notification_action_tombstone
    int notification_template_custom_big -> notification_template_custom_big
    int notification_template_icon_group -> notification_template_icon_group
    int notification_template_part_chronometer -> notification_template_part_chronometer
    int notification_template_part_time -> notification_template_part_time
    97:97:void <init>() -> <init>
    98:103:void <clinit>() -> <clinit>
android.support.graphics.drawable.R$string -> android.support.graphics.drawable.R$string:
    int status_bar_notification_info_overflow -> status_bar_notification_info_overflow
    105:105:void <init>() -> <init>
    106:106:void <clinit>() -> <clinit>
android.support.graphics.drawable.R$style -> android.support.graphics.drawable.R$style:
    int TextAppearance_Compat_Notification -> TextAppearance_Compat_Notification
    int TextAppearance_Compat_Notification_Info -> TextAppearance_Compat_Notification_Info
    int TextAppearance_Compat_Notification_Line2 -> TextAppearance_Compat_Notification_Line2
    int TextAppearance_Compat_Notification_Time -> TextAppearance_Compat_Notification_Time
    int TextAppearance_Compat_Notification_Title -> TextAppearance_Compat_Notification_Title
    int Widget_Compat_NotificationActionContainer -> Widget_Compat_NotificationActionContainer
    int Widget_Compat_NotificationActionText -> Widget_Compat_NotificationActionText
    108:108:void <init>() -> <init>
    109:115:void <clinit>() -> <clinit>
android.support.graphics.drawable.R$styleable -> android.support.graphics.drawable.R$styleable:
    int[] FontFamily -> FontFamily
    int FontFamily_fontProviderAuthority -> FontFamily_fontProviderAuthority
    int FontFamily_fontProviderCerts -> FontFamily_fontProviderCerts
    int FontFamily_fontProviderFetchStrategy -> FontFamily_fontProviderFetchStrategy
    int FontFamily_fontProviderFetchTimeout -> FontFamily_fontProviderFetchTimeout
    int FontFamily_fontProviderPackage -> FontFamily_fontProviderPackage
    int FontFamily_fontProviderQuery -> FontFamily_fontProviderQuery
    int[] FontFamilyFont -> FontFamilyFont
    int FontFamilyFont_android_font -> FontFamilyFont_android_font
    int FontFamilyFont_android_fontStyle -> FontFamilyFont_android_fontStyle
    int FontFamilyFont_android_fontWeight -> FontFamilyFont_android_fontWeight
    int FontFamilyFont_font -> FontFamilyFont_font
    int FontFamilyFont_fontStyle -> FontFamilyFont_fontStyle
    int FontFamilyFont_fontWeight -> FontFamilyFont_fontWeight
    117:117:void <init>() -> <init>
    118:131:void <clinit>() -> <clinit>
android.support.graphics.drawable.animated.R -> android.support.graphics.drawable.animated.R:
    9:134:void <init>() -> <init>